2024-05-02 14:38:35,646:WARNING:
'cuml' is a soft dependency and not included in the pycaret installation. Please run: `pip install cuml` to install.
2024-05-02 14:38:35,646:WARNING:
'cuml' is a soft dependency and not included in the pycaret installation. Please run: `pip install cuml` to install.
2024-05-02 14:38:35,646:WARNING:
'cuml' is a soft dependency and not included in the pycaret installation. Please run: `pip install cuml` to install.
2024-05-02 14:38:35,646:WARNING:
'cuml' is a soft dependency and not included in the pycaret installation. Please run: `pip install cuml` to install.
2024-05-02 14:39:00,853:INFO:PyCaret RegressionExperiment
2024-05-02 14:39:00,853:INFO:Logging name: reg-default-name
2024-05-02 14:39:00,853:INFO:ML Usecase: MLUsecase.REGRESSION
2024-05-02 14:39:00,853:INFO:version 3.3.0
2024-05-02 14:39:00,853:INFO:Initializing setup()
2024-05-02 14:39:00,853:INFO:self.USI: 5fe5
2024-05-02 14:39:00,854:INFO:self._variable_keys: {'logging_param', 'y', 'X_train', 'X', 'pipeline', 'log_plots_param', 'fold_groups_param', 'seed', 'exp_id', 'fold_shuffle_param', 'exp_name_log', 'X_test', 'fold_generator', 'gpu_n_jobs_param', 'gpu_param', 'target_param', 'y_train', '_available_plots', 'y_test', 'transform_target_param', 'html_param', '_ml_usecase', 'n_jobs_param', 'idx', 'data', 'USI', 'memory'}
2024-05-02 14:39:00,854:INFO:Checking environment
2024-05-02 14:39:00,854:INFO:python_version: 3.11.8
2024-05-02 14:39:00,854:INFO:python_build: ('main', 'Feb 26 2024 21:34:05')
2024-05-02 14:39:00,854:INFO:machine: AMD64
2024-05-02 14:39:00,854:INFO:platform: Windows-10-10.0.22621-SP0
2024-05-02 14:39:00,854:INFO:Memory: svmem(total=16948453376, available=4269985792, percent=74.8, used=12678467584, free=4269985792)
2024-05-02 14:39:00,854:INFO:Physical Core: 8
2024-05-02 14:39:00,854:INFO:Logical Core: 16
2024-05-02 14:39:00,854:INFO:Checking libraries
2024-05-02 14:39:00,854:INFO:System:
2024-05-02 14:39:00,854:INFO:    python: 3.11.8 | packaged by Anaconda, Inc. | (main, Feb 26 2024, 21:34:05) [MSC v.1916 64 bit (AMD64)]
2024-05-02 14:39:00,854:INFO:executable: c:\Users\Acer\anaconda3\envs\engine\python.exe
2024-05-02 14:39:00,854:INFO:   machine: Windows-10-10.0.22621-SP0
2024-05-02 14:39:00,854:INFO:PyCaret required dependencies:
2024-05-02 14:39:00,887:INFO:                 pip: 23.3.1
2024-05-02 14:39:00,887:INFO:          setuptools: 68.2.2
2024-05-02 14:39:00,887:INFO:             pycaret: 3.3.0
2024-05-02 14:39:00,887:INFO:             IPython: 8.22.2
2024-05-02 14:39:00,887:INFO:          ipywidgets: 8.1.2
2024-05-02 14:39:00,887:INFO:                tqdm: 4.66.2
2024-05-02 14:39:00,887:INFO:               numpy: 1.26.4
2024-05-02 14:39:00,887:INFO:              pandas: 2.1.4
2024-05-02 14:39:00,887:INFO:              jinja2: 3.1.3
2024-05-02 14:39:00,887:INFO:               scipy: 1.11.4
2024-05-02 14:39:00,887:INFO:              joblib: 1.3.2
2024-05-02 14:39:00,887:INFO:             sklearn: 1.4.1.post1
2024-05-02 14:39:00,887:INFO:                pyod: 1.1.3
2024-05-02 14:39:00,887:INFO:            imblearn: 0.12.0
2024-05-02 14:39:00,887:INFO:   category_encoders: 2.6.3
2024-05-02 14:39:00,887:INFO:            lightgbm: 4.3.0
2024-05-02 14:39:00,887:INFO:               numba: 0.59.1
2024-05-02 14:39:00,887:INFO:            requests: 2.31.0
2024-05-02 14:39:00,887:INFO:          matplotlib: 3.7.5
2024-05-02 14:39:00,887:INFO:          scikitplot: 0.3.7
2024-05-02 14:39:00,887:INFO:         yellowbrick: 1.5
2024-05-02 14:39:00,887:INFO:              plotly: 5.20.0
2024-05-02 14:39:00,887:INFO:    plotly-resampler: Not installed
2024-05-02 14:39:00,887:INFO:             kaleido: 0.2.1
2024-05-02 14:39:00,887:INFO:           schemdraw: 0.15
2024-05-02 14:39:00,887:INFO:         statsmodels: 0.14.1
2024-05-02 14:39:00,887:INFO:              sktime: 0.27.1
2024-05-02 14:39:00,887:INFO:               tbats: 1.1.3
2024-05-02 14:39:00,887:INFO:            pmdarima: 2.0.4
2024-05-02 14:39:00,887:INFO:              psutil: 5.9.8
2024-05-02 14:39:00,887:INFO:          markupsafe: 2.1.5
2024-05-02 14:39:00,887:INFO:             pickle5: Not installed
2024-05-02 14:39:00,887:INFO:         cloudpickle: 3.0.0
2024-05-02 14:39:00,887:INFO:         deprecation: 2.1.0
2024-05-02 14:39:00,887:INFO:              xxhash: 3.4.1
2024-05-02 14:39:00,887:INFO:           wurlitzer: Not installed
2024-05-02 14:39:00,887:INFO:PyCaret optional dependencies:
2024-05-02 14:39:00,897:INFO:                shap: Not installed
2024-05-02 14:39:00,897:INFO:           interpret: Not installed
2024-05-02 14:39:00,897:INFO:                umap: Not installed
2024-05-02 14:39:00,897:INFO:     ydata_profiling: Not installed
2024-05-02 14:39:00,897:INFO:  explainerdashboard: Not installed
2024-05-02 14:39:00,897:INFO:             autoviz: Not installed
2024-05-02 14:39:00,897:INFO:           fairlearn: Not installed
2024-05-02 14:39:00,897:INFO:          deepchecks: Not installed
2024-05-02 14:39:00,897:INFO:             xgboost: Not installed
2024-05-02 14:39:00,897:INFO:            catboost: Not installed
2024-05-02 14:39:00,897:INFO:              kmodes: Not installed
2024-05-02 14:39:00,897:INFO:             mlxtend: Not installed
2024-05-02 14:39:00,897:INFO:       statsforecast: Not installed
2024-05-02 14:39:00,897:INFO:        tune_sklearn: Not installed
2024-05-02 14:39:00,897:INFO:                 ray: Not installed
2024-05-02 14:39:00,897:INFO:            hyperopt: Not installed
2024-05-02 14:39:00,897:INFO:              optuna: Not installed
2024-05-02 14:39:00,897:INFO:               skopt: Not installed
2024-05-02 14:39:00,897:INFO:              mlflow: Not installed
2024-05-02 14:39:00,897:INFO:              gradio: Not installed
2024-05-02 14:39:00,897:INFO:             fastapi: Not installed
2024-05-02 14:39:00,897:INFO:             uvicorn: Not installed
2024-05-02 14:39:00,897:INFO:              m2cgen: Not installed
2024-05-02 14:39:00,897:INFO:           evidently: Not installed
2024-05-02 14:39:00,897:INFO:               fugue: Not installed
2024-05-02 14:39:00,897:INFO:           streamlit: Not installed
2024-05-02 14:39:00,897:INFO:             prophet: Not installed
2024-05-02 14:39:00,897:INFO:None
2024-05-02 14:39:00,897:INFO:Set up data.
2024-05-02 14:39:00,917:INFO:Set up folding strategy.
2024-05-02 14:39:00,917:INFO:Set up train/test split.
2024-05-02 14:39:00,947:INFO:Set up index.
2024-05-02 14:39:00,949:INFO:Assigning column types.
2024-05-02 14:39:00,983:INFO:Engine successfully changes for model 'lr' to 'sklearn'.
2024-05-02 14:39:00,983:INFO:Engine for model 'lasso' has not been set explicitly, hence returning None.
2024-05-02 14:39:00,983:INFO:Engine for model 'ridge' has not been set explicitly, hence returning None.
2024-05-02 14:39:00,990:INFO:Engine for model 'en' has not been set explicitly, hence returning None.
2024-05-02 14:39:01,059:INFO:Engine for model 'svm' has not been set explicitly, hence returning None.
2024-05-02 14:39:01,115:INFO:Engine for model 'knn' has not been set explicitly, hence returning None.
2024-05-02 14:39:01,115:WARNING:
'xgboost' is a soft dependency and not included in the pycaret installation. Please run: `pip install xgboost` to install.
Alternately, you can install this by running `pip install pycaret[models]`
2024-05-02 14:39:01,115:WARNING:
'catboost' is a soft dependency and not included in the pycaret installation. Please run: `pip install catboost` to install.
Alternately, you can install this by running `pip install pycaret[models]`
2024-05-02 14:39:01,115:INFO:Engine for model 'lasso' has not been set explicitly, hence returning None.
2024-05-02 14:39:01,127:INFO:Engine for model 'ridge' has not been set explicitly, hence returning None.
2024-05-02 14:39:01,128:INFO:Engine for model 'en' has not been set explicitly, hence returning None.
2024-05-02 14:39:01,192:INFO:Engine for model 'svm' has not been set explicitly, hence returning None.
2024-05-02 14:39:01,233:INFO:Engine for model 'knn' has not been set explicitly, hence returning None.
2024-05-02 14:39:01,233:WARNING:
'xgboost' is a soft dependency and not included in the pycaret installation. Please run: `pip install xgboost` to install.
Alternately, you can install this by running `pip install pycaret[models]`
2024-05-02 14:39:01,233:WARNING:
'catboost' is a soft dependency and not included in the pycaret installation. Please run: `pip install catboost` to install.
Alternately, you can install this by running `pip install pycaret[models]`
2024-05-02 14:39:01,233:INFO:Engine successfully changes for model 'lasso' to 'sklearn'.
2024-05-02 14:39:01,233:INFO:Engine for model 'ridge' has not been set explicitly, hence returning None.
2024-05-02 14:39:01,243:INFO:Engine for model 'en' has not been set explicitly, hence returning None.
2024-05-02 14:39:01,313:INFO:Engine for model 'svm' has not been set explicitly, hence returning None.
2024-05-02 14:39:01,347:INFO:Engine for model 'knn' has not been set explicitly, hence returning None.
2024-05-02 14:39:01,347:WARNING:
'xgboost' is a soft dependency and not included in the pycaret installation. Please run: `pip install xgboost` to install.
Alternately, you can install this by running `pip install pycaret[models]`
2024-05-02 14:39:01,347:WARNING:
'catboost' is a soft dependency and not included in the pycaret installation. Please run: `pip install catboost` to install.
Alternately, you can install this by running `pip install pycaret[models]`
2024-05-02 14:39:01,358:INFO:Engine for model 'ridge' has not been set explicitly, hence returning None.
2024-05-02 14:39:01,358:INFO:Engine for model 'en' has not been set explicitly, hence returning None.
2024-05-02 14:39:01,426:INFO:Engine for model 'svm' has not been set explicitly, hence returning None.
2024-05-02 14:39:01,458:INFO:Engine for model 'knn' has not been set explicitly, hence returning None.
2024-05-02 14:39:01,458:WARNING:
'xgboost' is a soft dependency and not included in the pycaret installation. Please run: `pip install xgboost` to install.
Alternately, you can install this by running `pip install pycaret[models]`
2024-05-02 14:39:01,458:WARNING:
'catboost' is a soft dependency and not included in the pycaret installation. Please run: `pip install catboost` to install.
Alternately, you can install this by running `pip install pycaret[models]`
2024-05-02 14:39:01,458:INFO:Engine successfully changes for model 'ridge' to 'sklearn'.
2024-05-02 14:39:01,468:INFO:Engine for model 'en' has not been set explicitly, hence returning None.
2024-05-02 14:39:01,533:INFO:Engine for model 'svm' has not been set explicitly, hence returning None.
2024-05-02 14:39:01,573:INFO:Engine for model 'knn' has not been set explicitly, hence returning None.
2024-05-02 14:39:01,573:WARNING:
'xgboost' is a soft dependency and not included in the pycaret installation. Please run: `pip install xgboost` to install.
Alternately, you can install this by running `pip install pycaret[models]`
2024-05-02 14:39:01,573:WARNING:
'catboost' is a soft dependency and not included in the pycaret installation. Please run: `pip install catboost` to install.
Alternately, you can install this by running `pip install pycaret[models]`
2024-05-02 14:39:01,583:INFO:Engine for model 'en' has not been set explicitly, hence returning None.
2024-05-02 14:39:01,647:INFO:Engine for model 'svm' has not been set explicitly, hence returning None.
2024-05-02 14:39:01,687:INFO:Engine for model 'knn' has not been set explicitly, hence returning None.
2024-05-02 14:39:01,687:WARNING:
'xgboost' is a soft dependency and not included in the pycaret installation. Please run: `pip install xgboost` to install.
Alternately, you can install this by running `pip install pycaret[models]`
2024-05-02 14:39:01,687:WARNING:
'catboost' is a soft dependency and not included in the pycaret installation. Please run: `pip install catboost` to install.
Alternately, you can install this by running `pip install pycaret[models]`
2024-05-02 14:39:01,687:INFO:Engine successfully changes for model 'en' to 'sklearn'.
2024-05-02 14:39:01,761:INFO:Engine for model 'svm' has not been set explicitly, hence returning None.
2024-05-02 14:39:01,798:INFO:Engine for model 'knn' has not been set explicitly, hence returning None.
2024-05-02 14:39:01,798:WARNING:
'xgboost' is a soft dependency and not included in the pycaret installation. Please run: `pip install xgboost` to install.
Alternately, you can install this by running `pip install pycaret[models]`
2024-05-02 14:39:01,798:WARNING:
'catboost' is a soft dependency and not included in the pycaret installation. Please run: `pip install catboost` to install.
Alternately, you can install this by running `pip install pycaret[models]`
2024-05-02 14:39:01,868:INFO:Engine for model 'svm' has not been set explicitly, hence returning None.
2024-05-02 14:39:01,902:INFO:Engine for model 'knn' has not been set explicitly, hence returning None.
2024-05-02 14:39:01,912:WARNING:
'xgboost' is a soft dependency and not included in the pycaret installation. Please run: `pip install xgboost` to install.
Alternately, you can install this by running `pip install pycaret[models]`
2024-05-02 14:39:01,912:WARNING:
'catboost' is a soft dependency and not included in the pycaret installation. Please run: `pip install catboost` to install.
Alternately, you can install this by running `pip install pycaret[models]`
2024-05-02 14:39:01,912:INFO:Engine successfully changes for model 'knn' to 'sklearn'.
2024-05-02 14:39:01,983:INFO:Engine for model 'svm' has not been set explicitly, hence returning None.
2024-05-02 14:39:02,022:WARNING:
'xgboost' is a soft dependency and not included in the pycaret installation. Please run: `pip install xgboost` to install.
Alternately, you can install this by running `pip install pycaret[models]`
2024-05-02 14:39:02,022:WARNING:
'catboost' is a soft dependency and not included in the pycaret installation. Please run: `pip install catboost` to install.
Alternately, you can install this by running `pip install pycaret[models]`
2024-05-02 14:39:02,103:INFO:Engine for model 'svm' has not been set explicitly, hence returning None.
2024-05-02 14:39:02,142:WARNING:
'xgboost' is a soft dependency and not included in the pycaret installation. Please run: `pip install xgboost` to install.
Alternately, you can install this by running `pip install pycaret[models]`
2024-05-02 14:39:02,142:WARNING:
'catboost' is a soft dependency and not included in the pycaret installation. Please run: `pip install catboost` to install.
Alternately, you can install this by running `pip install pycaret[models]`
2024-05-02 14:39:02,142:INFO:Engine successfully changes for model 'svm' to 'sklearn'.
2024-05-02 14:39:02,265:WARNING:
'xgboost' is a soft dependency and not included in the pycaret installation. Please run: `pip install xgboost` to install.
Alternately, you can install this by running `pip install pycaret[models]`
2024-05-02 14:39:02,265:WARNING:
'catboost' is a soft dependency and not included in the pycaret installation. Please run: `pip install catboost` to install.
Alternately, you can install this by running `pip install pycaret[models]`
2024-05-02 14:39:02,393:WARNING:
'xgboost' is a soft dependency and not included in the pycaret installation. Please run: `pip install xgboost` to install.
Alternately, you can install this by running `pip install pycaret[models]`
2024-05-02 14:39:02,393:WARNING:
'catboost' is a soft dependency and not included in the pycaret installation. Please run: `pip install catboost` to install.
Alternately, you can install this by running `pip install pycaret[models]`
2024-05-02 14:39:02,393:INFO:Preparing preprocessing pipeline...
2024-05-02 14:39:02,393:INFO:Set up simple imputation.
2024-05-02 14:39:02,401:INFO:Set up column name cleaning.
2024-05-02 14:39:02,465:INFO:Finished creating preprocessing pipeline.
2024-05-02 14:39:02,470:INFO:Pipeline: Pipeline(memory=FastMemory(location=C:\Users\Acer\AppData\Local\Temp\joblib),
         steps=[('numerical_imputer',
                 TransformerWrapper(include=['Cost', 'Priority', 'Progress',
                                             'Duration', 'Trade', 'TaskLength',
                                             'IsBadWeather',
                                             'WeatherAssessment', 'Weekend',
                                             'StartDelay', 'DayCount',
                                             'TaskToday', 'Is_Completed',
                                             'Is_Delayed', 'Is_On Progress'],
                                    transformer=SimpleImputer())),
                ('categorical_imputer',
                 TransformerWrapper(include=[],
                                    transformer=SimpleImputer(strategy='most_frequent'))),
                ('clean_column_names',
                 TransformerWrapper(transformer=CleanColumnNames()))])
2024-05-02 14:39:02,470:INFO:Creating final display dataframe.
2024-05-02 14:39:02,681:INFO:Setup _display_container:                     Description             Value
0                    Session id               123
1                        Target         TaskDelay
2                   Target type        Regression
3           Original data shape       (75336, 16)
4        Transformed data shape       (75336, 16)
5   Transformed train set shape       (52735, 16)
6    Transformed test set shape       (22601, 16)
7              Numeric features                15
8                    Preprocess              True
9               Imputation type            simple
10           Numeric imputation              mean
11       Categorical imputation              mode
12               Fold Generator             KFold
13                  Fold Number                10
14                     CPU Jobs                -1
15                      Use GPU             False
16               Log Experiment             False
17              Experiment Name  reg-default-name
18                          USI              5fe5
2024-05-02 14:39:02,869:WARNING:
'xgboost' is a soft dependency and not included in the pycaret installation. Please run: `pip install xgboost` to install.
Alternately, you can install this by running `pip install pycaret[models]`
2024-05-02 14:39:02,869:WARNING:
'catboost' is a soft dependency and not included in the pycaret installation. Please run: `pip install catboost` to install.
Alternately, you can install this by running `pip install pycaret[models]`
2024-05-02 14:39:02,995:WARNING:
'xgboost' is a soft dependency and not included in the pycaret installation. Please run: `pip install xgboost` to install.
Alternately, you can install this by running `pip install pycaret[models]`
2024-05-02 14:39:03,005:WARNING:
'catboost' is a soft dependency and not included in the pycaret installation. Please run: `pip install catboost` to install.
Alternately, you can install this by running `pip install pycaret[models]`
2024-05-02 14:39:03,005:WARNING:c:\Users\Acer\anaconda3\envs\engine\Lib\site-packages\pycaret\internal\metrics.py:51: FutureWarning: The `needs_threshold` and `needs_proba` parameter are deprecated in version 1.4 and will be removed in 1.6. You can either let `response_method` be `None` or set it to `predict` to preserve the same behaviour.
  warnings.warn(

2024-05-02 14:39:03,005:INFO:setup() successfully completed in 2.15s...............
2024-05-02 14:39:10,193:INFO:Initializing compare_models()
2024-05-02 14:39:10,193:INFO:compare_models(self=<pycaret.regression.oop.RegressionExperiment object at 0x000001C9ECE7B6D0>, include=None, exclude=None, fold=None, round=4, cross_validation=True, sort=R2, n_select=1, budget_time=None, turbo=True, errors=ignore, fit_kwargs=None, groups=None, experiment_custom_tags=None, probability_threshold=None, verbose=True, parallel=None, caller_params={'self': <pycaret.regression.oop.RegressionExperiment object at 0x000001C9ECE7B6D0>, 'include': None, 'exclude': None, 'fold': None, 'round': 4, 'cross_validation': True, 'sort': 'R2', 'n_select': 1, 'budget_time': None, 'turbo': True, 'errors': 'ignore', 'fit_kwargs': None, 'groups': None, 'experiment_custom_tags': None, 'engine': None, 'verbose': True, 'parallel': None, '__class__': <class 'pycaret.regression.oop.RegressionExperiment'>})
2024-05-02 14:39:10,193:INFO:Checking exceptions
2024-05-02 14:39:10,206:INFO:Preparing display monitor
2024-05-02 14:39:10,224:INFO:Initializing Linear Regression
2024-05-02 14:39:10,224:INFO:Total runtime is 0.0 minutes
2024-05-02 14:39:10,224:INFO:SubProcess create_model() called ==================================
2024-05-02 14:39:10,224:INFO:Initializing create_model()
2024-05-02 14:39:10,224:INFO:create_model(self=<pycaret.regression.oop.RegressionExperiment object at 0x000001C9ECE7B6D0>, estimator=lr, fold=KFold(n_splits=10, random_state=None, shuffle=False), round=4, cross_validation=True, predict=True, fit_kwargs={}, groups=None, refit=False, probability_threshold=None, experiment_custom_tags=None, verbose=False, system=False, add_to_model_list=True, metrics=None, display=<pycaret.internal.display.display.CommonDisplay object at 0x000001C9ECF0F190>, model_only=True, return_train_score=False, error_score=0.0, kwargs={})
2024-05-02 14:39:10,224:INFO:Checking exceptions
2024-05-02 14:39:10,224:INFO:Importing libraries
2024-05-02 14:39:10,224:INFO:Copying training dataset
2024-05-02 14:39:10,266:INFO:Defining folds
2024-05-02 14:39:10,266:INFO:Declaring metric variables
2024-05-02 14:39:10,268:INFO:Importing untrained model
2024-05-02 14:39:10,271:INFO:Linear Regression Imported successfully
2024-05-02 14:39:10,275:INFO:Starting cross validation
2024-05-02 14:39:10,286:INFO:Cross validating with KFold(n_splits=10, random_state=None, shuffle=False), n_jobs=-1
2024-05-02 14:39:14,377:INFO:Calculating mean and std
2024-05-02 14:39:14,379:INFO:Creating metrics dataframe
2024-05-02 14:39:14,382:INFO:Uploading results into container
2024-05-02 14:39:14,382:INFO:Uploading model into container now
2024-05-02 14:39:14,382:INFO:_master_model_container: 1
2024-05-02 14:39:14,382:INFO:_display_container: 2
2024-05-02 14:39:14,382:INFO:LinearRegression(n_jobs=-1)
2024-05-02 14:39:14,382:INFO:create_model() successfully completed......................................
2024-05-02 14:39:14,482:INFO:SubProcess create_model() end ==================================
2024-05-02 14:39:14,482:INFO:Creating metrics dataframe
2024-05-02 14:39:14,497:INFO:Initializing Lasso Regression
2024-05-02 14:39:14,497:INFO:Total runtime is 0.0712247610092163 minutes
2024-05-02 14:39:14,500:INFO:SubProcess create_model() called ==================================
2024-05-02 14:39:14,500:INFO:Initializing create_model()
2024-05-02 14:39:14,500:INFO:create_model(self=<pycaret.regression.oop.RegressionExperiment object at 0x000001C9ECE7B6D0>, estimator=lasso, fold=KFold(n_splits=10, random_state=None, shuffle=False), round=4, cross_validation=True, predict=True, fit_kwargs={}, groups=None, refit=False, probability_threshold=None, experiment_custom_tags=None, verbose=False, system=False, add_to_model_list=True, metrics=None, display=<pycaret.internal.display.display.CommonDisplay object at 0x000001C9ECF0F190>, model_only=True, return_train_score=False, error_score=0.0, kwargs={})
2024-05-02 14:39:14,500:INFO:Checking exceptions
2024-05-02 14:39:14,500:INFO:Importing libraries
2024-05-02 14:39:14,500:INFO:Copying training dataset
2024-05-02 14:39:14,536:INFO:Defining folds
2024-05-02 14:39:14,536:INFO:Declaring metric variables
2024-05-02 14:39:14,542:INFO:Importing untrained model
2024-05-02 14:39:14,545:INFO:Lasso Regression Imported successfully
2024-05-02 14:39:14,553:INFO:Starting cross validation
2024-05-02 14:39:14,560:INFO:Cross validating with KFold(n_splits=10, random_state=None, shuffle=False), n_jobs=-1
2024-05-02 14:39:17,050:INFO:Calculating mean and std
2024-05-02 14:39:17,050:INFO:Creating metrics dataframe
2024-05-02 14:39:17,050:INFO:Uploading results into container
2024-05-02 14:39:17,050:INFO:Uploading model into container now
2024-05-02 14:39:17,050:INFO:_master_model_container: 2
2024-05-02 14:39:17,050:INFO:_display_container: 2
2024-05-02 14:39:17,050:INFO:Lasso(random_state=123)
2024-05-02 14:39:17,050:INFO:create_model() successfully completed......................................
2024-05-02 14:39:17,153:INFO:SubProcess create_model() end ==================================
2024-05-02 14:39:17,153:INFO:Creating metrics dataframe
2024-05-02 14:39:17,161:INFO:Initializing Ridge Regression
2024-05-02 14:39:17,161:INFO:Total runtime is 0.11562256018320718 minutes
2024-05-02 14:39:17,164:INFO:SubProcess create_model() called ==================================
2024-05-02 14:39:17,164:INFO:Initializing create_model()
2024-05-02 14:39:17,164:INFO:create_model(self=<pycaret.regression.oop.RegressionExperiment object at 0x000001C9ECE7B6D0>, estimator=ridge, fold=KFold(n_splits=10, random_state=None, shuffle=False), round=4, cross_validation=True, predict=True, fit_kwargs={}, groups=None, refit=False, probability_threshold=None, experiment_custom_tags=None, verbose=False, system=False, add_to_model_list=True, metrics=None, display=<pycaret.internal.display.display.CommonDisplay object at 0x000001C9ECF0F190>, model_only=True, return_train_score=False, error_score=0.0, kwargs={})
2024-05-02 14:39:17,164:INFO:Checking exceptions
2024-05-02 14:39:17,164:INFO:Importing libraries
2024-05-02 14:39:17,164:INFO:Copying training dataset
2024-05-02 14:39:17,199:INFO:Defining folds
2024-05-02 14:39:17,200:INFO:Declaring metric variables
2024-05-02 14:39:17,202:INFO:Importing untrained model
2024-05-02 14:39:17,205:INFO:Ridge Regression Imported successfully
2024-05-02 14:39:17,209:INFO:Starting cross validation
2024-05-02 14:39:17,210:INFO:Cross validating with KFold(n_splits=10, random_state=None, shuffle=False), n_jobs=-1
2024-05-02 14:39:17,296:WARNING:c:\Users\Acer\anaconda3\envs\engine\Lib\site-packages\sklearn\linear_model\_ridge.py:204: LinAlgWarning: Ill-conditioned matrix (rcond=1.17386e-10): result may not be accurate.
  return linalg.solve(A, Xy, assume_a="pos", overwrite_a=True).T

2024-05-02 14:39:17,314:WARNING:c:\Users\Acer\anaconda3\envs\engine\Lib\site-packages\sklearn\linear_model\_ridge.py:204: LinAlgWarning: Ill-conditioned matrix (rcond=1.21071e-10): result may not be accurate.
  return linalg.solve(A, Xy, assume_a="pos", overwrite_a=True).T

2024-05-02 14:39:17,336:WARNING:c:\Users\Acer\anaconda3\envs\engine\Lib\site-packages\sklearn\linear_model\_ridge.py:204: LinAlgWarning: Ill-conditioned matrix (rcond=1.17645e-10): result may not be accurate.
  return linalg.solve(A, Xy, assume_a="pos", overwrite_a=True).T

2024-05-02 14:39:17,356:WARNING:c:\Users\Acer\anaconda3\envs\engine\Lib\site-packages\sklearn\linear_model\_ridge.py:204: LinAlgWarning: Ill-conditioned matrix (rcond=1.1939e-10): result may not be accurate.
  return linalg.solve(A, Xy, assume_a="pos", overwrite_a=True).T

2024-05-02 14:39:17,375:WARNING:c:\Users\Acer\anaconda3\envs\engine\Lib\site-packages\sklearn\linear_model\_ridge.py:204: LinAlgWarning: Ill-conditioned matrix (rcond=1.16671e-10): result may not be accurate.
  return linalg.solve(A, Xy, assume_a="pos", overwrite_a=True).T

2024-05-02 14:39:17,402:WARNING:c:\Users\Acer\anaconda3\envs\engine\Lib\site-packages\sklearn\linear_model\_ridge.py:204: LinAlgWarning: Ill-conditioned matrix (rcond=1.18053e-10): result may not be accurate.
  return linalg.solve(A, Xy, assume_a="pos", overwrite_a=True).T

2024-05-02 14:39:17,423:WARNING:c:\Users\Acer\anaconda3\envs\engine\Lib\site-packages\sklearn\linear_model\_ridge.py:204: LinAlgWarning: Ill-conditioned matrix (rcond=1.1637e-10): result may not be accurate.
  return linalg.solve(A, Xy, assume_a="pos", overwrite_a=True).T

2024-05-02 14:39:17,443:WARNING:c:\Users\Acer\anaconda3\envs\engine\Lib\site-packages\sklearn\linear_model\_ridge.py:204: LinAlgWarning: Ill-conditioned matrix (rcond=1.18709e-10): result may not be accurate.
  return linalg.solve(A, Xy, assume_a="pos", overwrite_a=True).T

2024-05-02 14:39:17,453:WARNING:c:\Users\Acer\anaconda3\envs\engine\Lib\site-packages\sklearn\linear_model\_ridge.py:204: LinAlgWarning: Ill-conditioned matrix (rcond=1.16908e-10): result may not be accurate.
  return linalg.solve(A, Xy, assume_a="pos", overwrite_a=True).T

2024-05-02 14:39:17,463:WARNING:c:\Users\Acer\anaconda3\envs\engine\Lib\site-packages\sklearn\linear_model\_ridge.py:204: LinAlgWarning: Ill-conditioned matrix (rcond=1.14256e-10): result may not be accurate.
  return linalg.solve(A, Xy, assume_a="pos", overwrite_a=True).T

2024-05-02 14:39:17,484:INFO:Calculating mean and std
2024-05-02 14:39:17,485:INFO:Creating metrics dataframe
2024-05-02 14:39:17,486:INFO:Uploading results into container
2024-05-02 14:39:17,487:INFO:Uploading model into container now
2024-05-02 14:39:17,487:INFO:_master_model_container: 3
2024-05-02 14:39:17,487:INFO:_display_container: 2
2024-05-02 14:39:17,487:INFO:Ridge(random_state=123)
2024-05-02 14:39:17,487:INFO:create_model() successfully completed......................................
2024-05-02 14:39:17,538:INFO:SubProcess create_model() end ==================================
2024-05-02 14:39:17,538:INFO:Creating metrics dataframe
2024-05-02 14:39:17,548:INFO:Initializing Elastic Net
2024-05-02 14:39:17,548:INFO:Total runtime is 0.12206334670384723 minutes
2024-05-02 14:39:17,548:INFO:SubProcess create_model() called ==================================
2024-05-02 14:39:17,548:INFO:Initializing create_model()
2024-05-02 14:39:17,548:INFO:create_model(self=<pycaret.regression.oop.RegressionExperiment object at 0x000001C9ECE7B6D0>, estimator=en, fold=KFold(n_splits=10, random_state=None, shuffle=False), round=4, cross_validation=True, predict=True, fit_kwargs={}, groups=None, refit=False, probability_threshold=None, experiment_custom_tags=None, verbose=False, system=False, add_to_model_list=True, metrics=None, display=<pycaret.internal.display.display.CommonDisplay object at 0x000001C9ECF0F190>, model_only=True, return_train_score=False, error_score=0.0, kwargs={})
2024-05-02 14:39:17,548:INFO:Checking exceptions
2024-05-02 14:39:17,548:INFO:Importing libraries
2024-05-02 14:39:17,548:INFO:Copying training dataset
2024-05-02 14:39:17,578:INFO:Defining folds
2024-05-02 14:39:17,578:INFO:Declaring metric variables
2024-05-02 14:39:17,580:INFO:Importing untrained model
2024-05-02 14:39:17,580:INFO:Elastic Net Imported successfully
2024-05-02 14:39:17,580:INFO:Starting cross validation
2024-05-02 14:39:17,580:INFO:Cross validating with KFold(n_splits=10, random_state=None, shuffle=False), n_jobs=-1
2024-05-02 14:39:17,891:INFO:Calculating mean and std
2024-05-02 14:39:17,892:INFO:Creating metrics dataframe
2024-05-02 14:39:17,893:INFO:Uploading results into container
2024-05-02 14:39:17,893:INFO:Uploading model into container now
2024-05-02 14:39:17,893:INFO:_master_model_container: 4
2024-05-02 14:39:17,893:INFO:_display_container: 2
2024-05-02 14:39:17,893:INFO:ElasticNet(random_state=123)
2024-05-02 14:39:17,893:INFO:create_model() successfully completed......................................
2024-05-02 14:39:17,952:INFO:SubProcess create_model() end ==================================
2024-05-02 14:39:17,952:INFO:Creating metrics dataframe
2024-05-02 14:39:17,963:INFO:Initializing Least Angle Regression
2024-05-02 14:39:17,963:INFO:Total runtime is 0.12898632685343422 minutes
2024-05-02 14:39:17,963:INFO:SubProcess create_model() called ==================================
2024-05-02 14:39:17,966:INFO:Initializing create_model()
2024-05-02 14:39:17,966:INFO:create_model(self=<pycaret.regression.oop.RegressionExperiment object at 0x000001C9ECE7B6D0>, estimator=lar, fold=KFold(n_splits=10, random_state=None, shuffle=False), round=4, cross_validation=True, predict=True, fit_kwargs={}, groups=None, refit=False, probability_threshold=None, experiment_custom_tags=None, verbose=False, system=False, add_to_model_list=True, metrics=None, display=<pycaret.internal.display.display.CommonDisplay object at 0x000001C9ECF0F190>, model_only=True, return_train_score=False, error_score=0.0, kwargs={})
2024-05-02 14:39:17,966:INFO:Checking exceptions
2024-05-02 14:39:17,966:INFO:Importing libraries
2024-05-02 14:39:17,966:INFO:Copying training dataset
2024-05-02 14:39:17,993:INFO:Defining folds
2024-05-02 14:39:17,993:INFO:Declaring metric variables
2024-05-02 14:39:18,003:INFO:Importing untrained model
2024-05-02 14:39:18,003:INFO:Least Angle Regression Imported successfully
2024-05-02 14:39:18,003:INFO:Starting cross validation
2024-05-02 14:39:18,003:INFO:Cross validating with KFold(n_splits=10, random_state=None, shuffle=False), n_jobs=-1
2024-05-02 14:39:18,366:INFO:Calculating mean and std
2024-05-02 14:39:18,366:INFO:Creating metrics dataframe
2024-05-02 14:39:18,369:INFO:Uploading results into container
2024-05-02 14:39:18,369:INFO:Uploading model into container now
2024-05-02 14:39:18,369:INFO:_master_model_container: 5
2024-05-02 14:39:18,370:INFO:_display_container: 2
2024-05-02 14:39:18,370:INFO:Lars(random_state=123)
2024-05-02 14:39:18,370:INFO:create_model() successfully completed......................................
2024-05-02 14:39:18,435:INFO:SubProcess create_model() end ==================================
2024-05-02 14:39:18,435:INFO:Creating metrics dataframe
2024-05-02 14:39:18,442:INFO:Initializing Lasso Least Angle Regression
2024-05-02 14:39:18,442:INFO:Total runtime is 0.1369681636492411 minutes
2024-05-02 14:39:18,442:INFO:SubProcess create_model() called ==================================
2024-05-02 14:39:18,442:INFO:Initializing create_model()
2024-05-02 14:39:18,442:INFO:create_model(self=<pycaret.regression.oop.RegressionExperiment object at 0x000001C9ECE7B6D0>, estimator=llar, fold=KFold(n_splits=10, random_state=None, shuffle=False), round=4, cross_validation=True, predict=True, fit_kwargs={}, groups=None, refit=False, probability_threshold=None, experiment_custom_tags=None, verbose=False, system=False, add_to_model_list=True, metrics=None, display=<pycaret.internal.display.display.CommonDisplay object at 0x000001C9ECF0F190>, model_only=True, return_train_score=False, error_score=0.0, kwargs={})
2024-05-02 14:39:18,442:INFO:Checking exceptions
2024-05-02 14:39:18,442:INFO:Importing libraries
2024-05-02 14:39:18,442:INFO:Copying training dataset
2024-05-02 14:39:18,473:INFO:Defining folds
2024-05-02 14:39:18,473:INFO:Declaring metric variables
2024-05-02 14:39:18,473:INFO:Importing untrained model
2024-05-02 14:39:18,473:INFO:Lasso Least Angle Regression Imported successfully
2024-05-02 14:39:18,483:INFO:Starting cross validation
2024-05-02 14:39:18,483:INFO:Cross validating with KFold(n_splits=10, random_state=None, shuffle=False), n_jobs=-1
2024-05-02 14:39:18,779:INFO:Calculating mean and std
2024-05-02 14:39:18,780:INFO:Creating metrics dataframe
2024-05-02 14:39:18,780:INFO:Uploading results into container
2024-05-02 14:39:18,780:INFO:Uploading model into container now
2024-05-02 14:39:18,780:INFO:_master_model_container: 6
2024-05-02 14:39:18,780:INFO:_display_container: 2
2024-05-02 14:39:18,780:INFO:LassoLars(random_state=123)
2024-05-02 14:39:18,780:INFO:create_model() successfully completed......................................
2024-05-02 14:39:18,844:INFO:SubProcess create_model() end ==================================
2024-05-02 14:39:18,844:INFO:Creating metrics dataframe
2024-05-02 14:39:18,849:INFO:Initializing Orthogonal Matching Pursuit
2024-05-02 14:39:18,849:INFO:Total runtime is 0.14375688632329303 minutes
2024-05-02 14:39:18,849:INFO:SubProcess create_model() called ==================================
2024-05-02 14:39:18,849:INFO:Initializing create_model()
2024-05-02 14:39:18,849:INFO:create_model(self=<pycaret.regression.oop.RegressionExperiment object at 0x000001C9ECE7B6D0>, estimator=omp, fold=KFold(n_splits=10, random_state=None, shuffle=False), round=4, cross_validation=True, predict=True, fit_kwargs={}, groups=None, refit=False, probability_threshold=None, experiment_custom_tags=None, verbose=False, system=False, add_to_model_list=True, metrics=None, display=<pycaret.internal.display.display.CommonDisplay object at 0x000001C9ECF0F190>, model_only=True, return_train_score=False, error_score=0.0, kwargs={})
2024-05-02 14:39:18,849:INFO:Checking exceptions
2024-05-02 14:39:18,849:INFO:Importing libraries
2024-05-02 14:39:18,849:INFO:Copying training dataset
2024-05-02 14:39:18,886:INFO:Defining folds
2024-05-02 14:39:18,887:INFO:Declaring metric variables
2024-05-02 14:39:18,889:INFO:Importing untrained model
2024-05-02 14:39:18,892:INFO:Orthogonal Matching Pursuit Imported successfully
2024-05-02 14:39:18,896:INFO:Starting cross validation
2024-05-02 14:39:18,897:INFO:Cross validating with KFold(n_splits=10, random_state=None, shuffle=False), n_jobs=-1
2024-05-02 14:39:19,170:INFO:Calculating mean and std
2024-05-02 14:39:19,170:INFO:Creating metrics dataframe
2024-05-02 14:39:19,170:INFO:Uploading results into container
2024-05-02 14:39:19,170:INFO:Uploading model into container now
2024-05-02 14:39:19,170:INFO:_master_model_container: 7
2024-05-02 14:39:19,170:INFO:_display_container: 2
2024-05-02 14:39:19,170:INFO:OrthogonalMatchingPursuit()
2024-05-02 14:39:19,170:INFO:create_model() successfully completed......................................
2024-05-02 14:39:19,226:INFO:SubProcess create_model() end ==================================
2024-05-02 14:39:19,226:INFO:Creating metrics dataframe
2024-05-02 14:39:19,226:INFO:Initializing Bayesian Ridge
2024-05-02 14:39:19,236:INFO:Total runtime is 0.15020630757013956 minutes
2024-05-02 14:39:19,236:INFO:SubProcess create_model() called ==================================
2024-05-02 14:39:19,236:INFO:Initializing create_model()
2024-05-02 14:39:19,236:INFO:create_model(self=<pycaret.regression.oop.RegressionExperiment object at 0x000001C9ECE7B6D0>, estimator=br, fold=KFold(n_splits=10, random_state=None, shuffle=False), round=4, cross_validation=True, predict=True, fit_kwargs={}, groups=None, refit=False, probability_threshold=None, experiment_custom_tags=None, verbose=False, system=False, add_to_model_list=True, metrics=None, display=<pycaret.internal.display.display.CommonDisplay object at 0x000001C9ECF0F190>, model_only=True, return_train_score=False, error_score=0.0, kwargs={})
2024-05-02 14:39:19,236:INFO:Checking exceptions
2024-05-02 14:39:19,236:INFO:Importing libraries
2024-05-02 14:39:19,236:INFO:Copying training dataset
2024-05-02 14:39:19,264:INFO:Defining folds
2024-05-02 14:39:19,264:INFO:Declaring metric variables
2024-05-02 14:39:19,271:INFO:Importing untrained model
2024-05-02 14:39:19,275:INFO:Bayesian Ridge Imported successfully
2024-05-02 14:39:19,279:INFO:Starting cross validation
2024-05-02 14:39:19,280:INFO:Cross validating with KFold(n_splits=10, random_state=None, shuffle=False), n_jobs=-1
2024-05-02 14:39:19,634:INFO:Calculating mean and std
2024-05-02 14:39:19,634:INFO:Creating metrics dataframe
2024-05-02 14:39:19,637:INFO:Uploading results into container
2024-05-02 14:39:19,637:INFO:Uploading model into container now
2024-05-02 14:39:19,638:INFO:_master_model_container: 8
2024-05-02 14:39:19,638:INFO:_display_container: 2
2024-05-02 14:39:19,638:INFO:BayesianRidge()
2024-05-02 14:39:19,638:INFO:create_model() successfully completed......................................
2024-05-02 14:39:19,701:INFO:SubProcess create_model() end ==================================
2024-05-02 14:39:19,701:INFO:Creating metrics dataframe
2024-05-02 14:39:19,710:INFO:Initializing Passive Aggressive Regressor
2024-05-02 14:39:19,710:INFO:Total runtime is 0.1581097880999247 minutes
2024-05-02 14:39:19,715:INFO:SubProcess create_model() called ==================================
2024-05-02 14:39:19,715:INFO:Initializing create_model()
2024-05-02 14:39:19,715:INFO:create_model(self=<pycaret.regression.oop.RegressionExperiment object at 0x000001C9ECE7B6D0>, estimator=par, fold=KFold(n_splits=10, random_state=None, shuffle=False), round=4, cross_validation=True, predict=True, fit_kwargs={}, groups=None, refit=False, probability_threshold=None, experiment_custom_tags=None, verbose=False, system=False, add_to_model_list=True, metrics=None, display=<pycaret.internal.display.display.CommonDisplay object at 0x000001C9ECF0F190>, model_only=True, return_train_score=False, error_score=0.0, kwargs={})
2024-05-02 14:39:19,715:INFO:Checking exceptions
2024-05-02 14:39:19,715:INFO:Importing libraries
2024-05-02 14:39:19,715:INFO:Copying training dataset
2024-05-02 14:39:19,744:INFO:Defining folds
2024-05-02 14:39:19,744:INFO:Declaring metric variables
2024-05-02 14:39:19,747:INFO:Importing untrained model
2024-05-02 14:39:19,751:INFO:Passive Aggressive Regressor Imported successfully
2024-05-02 14:39:19,756:INFO:Starting cross validation
2024-05-02 14:39:19,756:INFO:Cross validating with KFold(n_splits=10, random_state=None, shuffle=False), n_jobs=-1
2024-05-02 14:39:20,369:INFO:Calculating mean and std
2024-05-02 14:39:20,369:INFO:Creating metrics dataframe
2024-05-02 14:39:20,369:INFO:Uploading results into container
2024-05-02 14:39:20,369:INFO:Uploading model into container now
2024-05-02 14:39:20,369:INFO:_master_model_container: 9
2024-05-02 14:39:20,369:INFO:_display_container: 2
2024-05-02 14:39:20,369:INFO:PassiveAggressiveRegressor(random_state=123)
2024-05-02 14:39:20,369:INFO:create_model() successfully completed......................................
2024-05-02 14:39:20,429:INFO:SubProcess create_model() end ==================================
2024-05-02 14:39:20,429:INFO:Creating metrics dataframe
2024-05-02 14:39:20,445:INFO:Initializing Huber Regressor
2024-05-02 14:39:20,445:INFO:Total runtime is 0.17034799257914224 minutes
2024-05-02 14:39:20,447:INFO:SubProcess create_model() called ==================================
2024-05-02 14:39:20,448:INFO:Initializing create_model()
2024-05-02 14:39:20,448:INFO:create_model(self=<pycaret.regression.oop.RegressionExperiment object at 0x000001C9ECE7B6D0>, estimator=huber, fold=KFold(n_splits=10, random_state=None, shuffle=False), round=4, cross_validation=True, predict=True, fit_kwargs={}, groups=None, refit=False, probability_threshold=None, experiment_custom_tags=None, verbose=False, system=False, add_to_model_list=True, metrics=None, display=<pycaret.internal.display.display.CommonDisplay object at 0x000001C9ECF0F190>, model_only=True, return_train_score=False, error_score=0.0, kwargs={})
2024-05-02 14:39:20,448:INFO:Checking exceptions
2024-05-02 14:39:20,448:INFO:Importing libraries
2024-05-02 14:39:20,448:INFO:Copying training dataset
2024-05-02 14:39:20,486:INFO:Defining folds
2024-05-02 14:39:20,486:INFO:Declaring metric variables
2024-05-02 14:39:20,489:INFO:Importing untrained model
2024-05-02 14:39:20,492:INFO:Huber Regressor Imported successfully
2024-05-02 14:39:20,502:INFO:Starting cross validation
2024-05-02 14:39:20,503:INFO:Cross validating with KFold(n_splits=10, random_state=None, shuffle=False), n_jobs=-1
2024-05-02 14:39:27,373:WARNING:c:\Users\Acer\anaconda3\envs\engine\Lib\site-packages\sklearn\linear_model\_huber.py:342: ConvergenceWarning: lbfgs failed to converge (status=1):
STOP: TOTAL NO. of ITERATIONS REACHED LIMIT.

Increase the number of iterations (max_iter) or scale the data as shown in:
    https://scikit-learn.org/stable/modules/preprocessing.html
  self.n_iter_ = _check_optimize_result("lbfgs", opt_res, self.max_iter)

2024-05-02 14:39:27,408:WARNING:c:\Users\Acer\anaconda3\envs\engine\Lib\site-packages\sklearn\linear_model\_huber.py:342: ConvergenceWarning: lbfgs failed to converge (status=1):
STOP: TOTAL NO. of ITERATIONS REACHED LIMIT.

Increase the number of iterations (max_iter) or scale the data as shown in:
    https://scikit-learn.org/stable/modules/preprocessing.html
  self.n_iter_ = _check_optimize_result("lbfgs", opt_res, self.max_iter)

2024-05-02 14:39:27,419:WARNING:c:\Users\Acer\anaconda3\envs\engine\Lib\site-packages\sklearn\linear_model\_huber.py:342: ConvergenceWarning: lbfgs failed to converge (status=1):
STOP: TOTAL NO. of ITERATIONS REACHED LIMIT.

Increase the number of iterations (max_iter) or scale the data as shown in:
    https://scikit-learn.org/stable/modules/preprocessing.html
  self.n_iter_ = _check_optimize_result("lbfgs", opt_res, self.max_iter)

2024-05-02 14:39:27,419:WARNING:c:\Users\Acer\anaconda3\envs\engine\Lib\site-packages\sklearn\linear_model\_huber.py:342: ConvergenceWarning: lbfgs failed to converge (status=1):
STOP: TOTAL NO. of ITERATIONS REACHED LIMIT.

Increase the number of iterations (max_iter) or scale the data as shown in:
    https://scikit-learn.org/stable/modules/preprocessing.html
  self.n_iter_ = _check_optimize_result("lbfgs", opt_res, self.max_iter)

2024-05-02 14:39:27,419:WARNING:c:\Users\Acer\anaconda3\envs\engine\Lib\site-packages\sklearn\linear_model\_huber.py:342: ConvergenceWarning: lbfgs failed to converge (status=1):
STOP: TOTAL NO. of ITERATIONS REACHED LIMIT.

Increase the number of iterations (max_iter) or scale the data as shown in:
    https://scikit-learn.org/stable/modules/preprocessing.html
  self.n_iter_ = _check_optimize_result("lbfgs", opt_res, self.max_iter)

2024-05-02 14:39:27,438:WARNING:c:\Users\Acer\anaconda3\envs\engine\Lib\site-packages\sklearn\linear_model\_huber.py:342: ConvergenceWarning: lbfgs failed to converge (status=1):
STOP: TOTAL NO. of ITERATIONS REACHED LIMIT.

Increase the number of iterations (max_iter) or scale the data as shown in:
    https://scikit-learn.org/stable/modules/preprocessing.html
  self.n_iter_ = _check_optimize_result("lbfgs", opt_res, self.max_iter)

2024-05-02 14:39:27,514:WARNING:c:\Users\Acer\anaconda3\envs\engine\Lib\site-packages\sklearn\linear_model\_huber.py:342: ConvergenceWarning: lbfgs failed to converge (status=1):
STOP: TOTAL NO. of ITERATIONS REACHED LIMIT.

Increase the number of iterations (max_iter) or scale the data as shown in:
    https://scikit-learn.org/stable/modules/preprocessing.html
  self.n_iter_ = _check_optimize_result("lbfgs", opt_res, self.max_iter)

2024-05-02 14:39:27,545:WARNING:c:\Users\Acer\anaconda3\envs\engine\Lib\site-packages\sklearn\linear_model\_huber.py:342: ConvergenceWarning: lbfgs failed to converge (status=1):
STOP: TOTAL NO. of ITERATIONS REACHED LIMIT.

Increase the number of iterations (max_iter) or scale the data as shown in:
    https://scikit-learn.org/stable/modules/preprocessing.html
  self.n_iter_ = _check_optimize_result("lbfgs", opt_res, self.max_iter)

2024-05-02 14:39:27,579:WARNING:c:\Users\Acer\anaconda3\envs\engine\Lib\site-packages\sklearn\linear_model\_huber.py:342: ConvergenceWarning: lbfgs failed to converge (status=1):
STOP: TOTAL NO. of ITERATIONS REACHED LIMIT.

Increase the number of iterations (max_iter) or scale the data as shown in:
    https://scikit-learn.org/stable/modules/preprocessing.html
  self.n_iter_ = _check_optimize_result("lbfgs", opt_res, self.max_iter)

2024-05-02 14:39:27,639:WARNING:c:\Users\Acer\anaconda3\envs\engine\Lib\site-packages\sklearn\linear_model\_huber.py:342: ConvergenceWarning: lbfgs failed to converge (status=1):
STOP: TOTAL NO. of ITERATIONS REACHED LIMIT.

Increase the number of iterations (max_iter) or scale the data as shown in:
    https://scikit-learn.org/stable/modules/preprocessing.html
  self.n_iter_ = _check_optimize_result("lbfgs", opt_res, self.max_iter)

2024-05-02 14:39:27,657:INFO:Calculating mean and std
2024-05-02 14:39:27,657:INFO:Creating metrics dataframe
2024-05-02 14:39:27,659:INFO:Uploading results into container
2024-05-02 14:39:27,659:INFO:Uploading model into container now
2024-05-02 14:39:27,659:INFO:_master_model_container: 10
2024-05-02 14:39:27,659:INFO:_display_container: 2
2024-05-02 14:39:27,659:INFO:HuberRegressor()
2024-05-02 14:39:27,659:INFO:create_model() successfully completed......................................
2024-05-02 14:39:27,730:INFO:SubProcess create_model() end ==================================
2024-05-02 14:39:27,730:INFO:Creating metrics dataframe
2024-05-02 14:39:27,730:INFO:Initializing K Neighbors Regressor
2024-05-02 14:39:27,730:INFO:Total runtime is 0.29176698525746664 minutes
2024-05-02 14:39:27,730:INFO:SubProcess create_model() called ==================================
2024-05-02 14:39:27,730:INFO:Initializing create_model()
2024-05-02 14:39:27,730:INFO:create_model(self=<pycaret.regression.oop.RegressionExperiment object at 0x000001C9ECE7B6D0>, estimator=knn, fold=KFold(n_splits=10, random_state=None, shuffle=False), round=4, cross_validation=True, predict=True, fit_kwargs={}, groups=None, refit=False, probability_threshold=None, experiment_custom_tags=None, verbose=False, system=False, add_to_model_list=True, metrics=None, display=<pycaret.internal.display.display.CommonDisplay object at 0x000001C9ECF0F190>, model_only=True, return_train_score=False, error_score=0.0, kwargs={})
2024-05-02 14:39:27,730:INFO:Checking exceptions
2024-05-02 14:39:27,730:INFO:Importing libraries
2024-05-02 14:39:27,730:INFO:Copying training dataset
2024-05-02 14:39:27,790:INFO:Defining folds
2024-05-02 14:39:27,790:INFO:Declaring metric variables
2024-05-02 14:39:27,797:INFO:Importing untrained model
2024-05-02 14:39:27,804:INFO:K Neighbors Regressor Imported successfully
2024-05-02 14:39:27,811:INFO:Starting cross validation
2024-05-02 14:39:27,812:INFO:Cross validating with KFold(n_splits=10, random_state=None, shuffle=False), n_jobs=-1
2024-05-02 14:39:28,671:INFO:Calculating mean and std
2024-05-02 14:39:28,671:INFO:Creating metrics dataframe
2024-05-02 14:39:28,671:INFO:Uploading results into container
2024-05-02 14:39:28,671:INFO:Uploading model into container now
2024-05-02 14:39:28,671:INFO:_master_model_container: 11
2024-05-02 14:39:28,671:INFO:_display_container: 2
2024-05-02 14:39:28,671:INFO:KNeighborsRegressor(n_jobs=-1)
2024-05-02 14:39:28,671:INFO:create_model() successfully completed......................................
2024-05-02 14:39:28,736:INFO:SubProcess create_model() end ==================================
2024-05-02 14:39:28,736:INFO:Creating metrics dataframe
2024-05-02 14:39:28,739:INFO:Initializing Decision Tree Regressor
2024-05-02 14:39:28,739:INFO:Total runtime is 0.3085956414540609 minutes
2024-05-02 14:39:28,739:INFO:SubProcess create_model() called ==================================
2024-05-02 14:39:28,739:INFO:Initializing create_model()
2024-05-02 14:39:28,739:INFO:create_model(self=<pycaret.regression.oop.RegressionExperiment object at 0x000001C9ECE7B6D0>, estimator=dt, fold=KFold(n_splits=10, random_state=None, shuffle=False), round=4, cross_validation=True, predict=True, fit_kwargs={}, groups=None, refit=False, probability_threshold=None, experiment_custom_tags=None, verbose=False, system=False, add_to_model_list=True, metrics=None, display=<pycaret.internal.display.display.CommonDisplay object at 0x000001C9ECF0F190>, model_only=True, return_train_score=False, error_score=0.0, kwargs={})
2024-05-02 14:39:28,739:INFO:Checking exceptions
2024-05-02 14:39:28,739:INFO:Importing libraries
2024-05-02 14:39:28,739:INFO:Copying training dataset
2024-05-02 14:39:28,774:INFO:Defining folds
2024-05-02 14:39:28,774:INFO:Declaring metric variables
2024-05-02 14:39:28,781:INFO:Importing untrained model
2024-05-02 14:39:28,781:INFO:Decision Tree Regressor Imported successfully
2024-05-02 14:39:28,788:INFO:Starting cross validation
2024-05-02 14:39:28,788:INFO:Cross validating with KFold(n_splits=10, random_state=None, shuffle=False), n_jobs=-1
2024-05-02 14:39:29,516:INFO:Calculating mean and std
2024-05-02 14:39:29,516:INFO:Creating metrics dataframe
2024-05-02 14:39:29,516:INFO:Uploading results into container
2024-05-02 14:39:29,516:INFO:Uploading model into container now
2024-05-02 14:39:29,516:INFO:_master_model_container: 12
2024-05-02 14:39:29,516:INFO:_display_container: 2
2024-05-02 14:39:29,516:INFO:DecisionTreeRegressor(random_state=123)
2024-05-02 14:39:29,516:INFO:create_model() successfully completed......................................
2024-05-02 14:39:29,579:INFO:SubProcess create_model() end ==================================
2024-05-02 14:39:29,579:INFO:Creating metrics dataframe
2024-05-02 14:39:29,589:INFO:Initializing Random Forest Regressor
2024-05-02 14:39:29,589:INFO:Total runtime is 0.32275428374608356 minutes
2024-05-02 14:39:29,589:INFO:SubProcess create_model() called ==================================
2024-05-02 14:39:29,589:INFO:Initializing create_model()
2024-05-02 14:39:29,589:INFO:create_model(self=<pycaret.regression.oop.RegressionExperiment object at 0x000001C9ECE7B6D0>, estimator=rf, fold=KFold(n_splits=10, random_state=None, shuffle=False), round=4, cross_validation=True, predict=True, fit_kwargs={}, groups=None, refit=False, probability_threshold=None, experiment_custom_tags=None, verbose=False, system=False, add_to_model_list=True, metrics=None, display=<pycaret.internal.display.display.CommonDisplay object at 0x000001C9ECF0F190>, model_only=True, return_train_score=False, error_score=0.0, kwargs={})
2024-05-02 14:39:29,589:INFO:Checking exceptions
2024-05-02 14:39:29,589:INFO:Importing libraries
2024-05-02 14:39:29,589:INFO:Copying training dataset
2024-05-02 14:39:29,625:INFO:Defining folds
2024-05-02 14:39:29,625:INFO:Declaring metric variables
2024-05-02 14:39:29,629:INFO:Importing untrained model
2024-05-02 14:39:29,632:INFO:Random Forest Regressor Imported successfully
2024-05-02 14:39:29,637:INFO:Starting cross validation
2024-05-02 14:39:29,641:INFO:Cross validating with KFold(n_splits=10, random_state=None, shuffle=False), n_jobs=-1
2024-05-02 14:39:55,156:INFO:Calculating mean and std
2024-05-02 14:39:55,158:INFO:Creating metrics dataframe
2024-05-02 14:39:55,162:INFO:Uploading results into container
2024-05-02 14:39:55,164:INFO:Uploading model into container now
2024-05-02 14:39:55,164:INFO:_master_model_container: 13
2024-05-02 14:39:55,165:INFO:_display_container: 2
2024-05-02 14:39:55,165:INFO:RandomForestRegressor(n_jobs=-1, random_state=123)
2024-05-02 14:39:55,166:INFO:create_model() successfully completed......................................
2024-05-02 14:39:55,314:INFO:SubProcess create_model() end ==================================
2024-05-02 14:39:55,314:INFO:Creating metrics dataframe
2024-05-02 14:39:55,329:INFO:Initializing Extra Trees Regressor
2024-05-02 14:39:55,329:INFO:Total runtime is 0.751762596766154 minutes
2024-05-02 14:39:55,330:INFO:SubProcess create_model() called ==================================
2024-05-02 14:39:55,330:INFO:Initializing create_model()
2024-05-02 14:39:55,330:INFO:create_model(self=<pycaret.regression.oop.RegressionExperiment object at 0x000001C9ECE7B6D0>, estimator=et, fold=KFold(n_splits=10, random_state=None, shuffle=False), round=4, cross_validation=True, predict=True, fit_kwargs={}, groups=None, refit=False, probability_threshold=None, experiment_custom_tags=None, verbose=False, system=False, add_to_model_list=True, metrics=None, display=<pycaret.internal.display.display.CommonDisplay object at 0x000001C9ECF0F190>, model_only=True, return_train_score=False, error_score=0.0, kwargs={})
2024-05-02 14:39:55,330:INFO:Checking exceptions
2024-05-02 14:39:55,330:INFO:Importing libraries
2024-05-02 14:39:55,330:INFO:Copying training dataset
2024-05-02 14:39:55,385:INFO:Defining folds
2024-05-02 14:39:55,386:INFO:Declaring metric variables
2024-05-02 14:39:55,391:INFO:Importing untrained model
2024-05-02 14:39:55,396:INFO:Extra Trees Regressor Imported successfully
2024-05-02 14:39:55,402:INFO:Starting cross validation
2024-05-02 14:39:55,403:INFO:Cross validating with KFold(n_splits=10, random_state=None, shuffle=False), n_jobs=-1
2024-05-02 14:40:11,341:INFO:Calculating mean and std
2024-05-02 14:40:11,342:INFO:Creating metrics dataframe
2024-05-02 14:40:11,344:INFO:Uploading results into container
2024-05-02 14:40:11,345:INFO:Uploading model into container now
2024-05-02 14:40:11,345:INFO:_master_model_container: 14
2024-05-02 14:40:11,345:INFO:_display_container: 2
2024-05-02 14:40:11,345:INFO:ExtraTreesRegressor(n_jobs=-1, random_state=123)
2024-05-02 14:40:11,345:INFO:create_model() successfully completed......................................
2024-05-02 14:40:11,424:INFO:SubProcess create_model() end ==================================
2024-05-02 14:40:11,424:INFO:Creating metrics dataframe
2024-05-02 14:40:11,434:INFO:Initializing AdaBoost Regressor
2024-05-02 14:40:11,434:INFO:Total runtime is 1.0201767881711323 minutes
2024-05-02 14:40:11,437:INFO:SubProcess create_model() called ==================================
2024-05-02 14:40:11,438:INFO:Initializing create_model()
2024-05-02 14:40:11,438:INFO:create_model(self=<pycaret.regression.oop.RegressionExperiment object at 0x000001C9ECE7B6D0>, estimator=ada, fold=KFold(n_splits=10, random_state=None, shuffle=False), round=4, cross_validation=True, predict=True, fit_kwargs={}, groups=None, refit=False, probability_threshold=None, experiment_custom_tags=None, verbose=False, system=False, add_to_model_list=True, metrics=None, display=<pycaret.internal.display.display.CommonDisplay object at 0x000001C9ECF0F190>, model_only=True, return_train_score=False, error_score=0.0, kwargs={})
2024-05-02 14:40:11,438:INFO:Checking exceptions
2024-05-02 14:40:11,438:INFO:Importing libraries
2024-05-02 14:40:11,438:INFO:Copying training dataset
2024-05-02 14:40:11,476:INFO:Defining folds
2024-05-02 14:40:11,476:INFO:Declaring metric variables
2024-05-02 14:40:11,480:INFO:Importing untrained model
2024-05-02 14:40:11,482:INFO:AdaBoost Regressor Imported successfully
2024-05-02 14:40:11,490:INFO:Starting cross validation
2024-05-02 14:40:11,491:INFO:Cross validating with KFold(n_splits=10, random_state=None, shuffle=False), n_jobs=-1
2024-05-02 14:40:13,758:INFO:Calculating mean and std
2024-05-02 14:40:13,758:INFO:Creating metrics dataframe
2024-05-02 14:40:13,761:INFO:Uploading results into container
2024-05-02 14:40:13,761:INFO:Uploading model into container now
2024-05-02 14:40:13,761:INFO:_master_model_container: 15
2024-05-02 14:40:13,762:INFO:_display_container: 2
2024-05-02 14:40:13,762:INFO:AdaBoostRegressor(random_state=123)
2024-05-02 14:40:13,762:INFO:create_model() successfully completed......................................
2024-05-02 14:40:13,844:INFO:SubProcess create_model() end ==================================
2024-05-02 14:40:13,845:INFO:Creating metrics dataframe
2024-05-02 14:40:13,846:INFO:Initializing Gradient Boosting Regressor
2024-05-02 14:40:13,846:INFO:Total runtime is 1.0603646596272787 minutes
2024-05-02 14:40:13,856:INFO:SubProcess create_model() called ==================================
2024-05-02 14:40:13,856:INFO:Initializing create_model()
2024-05-02 14:40:13,856:INFO:create_model(self=<pycaret.regression.oop.RegressionExperiment object at 0x000001C9ECE7B6D0>, estimator=gbr, fold=KFold(n_splits=10, random_state=None, shuffle=False), round=4, cross_validation=True, predict=True, fit_kwargs={}, groups=None, refit=False, probability_threshold=None, experiment_custom_tags=None, verbose=False, system=False, add_to_model_list=True, metrics=None, display=<pycaret.internal.display.display.CommonDisplay object at 0x000001C9ECF0F190>, model_only=True, return_train_score=False, error_score=0.0, kwargs={})
2024-05-02 14:40:13,856:INFO:Checking exceptions
2024-05-02 14:40:13,856:INFO:Importing libraries
2024-05-02 14:40:13,856:INFO:Copying training dataset
2024-05-02 14:40:13,888:INFO:Defining folds
2024-05-02 14:40:13,888:INFO:Declaring metric variables
2024-05-02 14:40:13,895:INFO:Importing untrained model
2024-05-02 14:40:13,897:INFO:Gradient Boosting Regressor Imported successfully
2024-05-02 14:40:13,907:INFO:Starting cross validation
2024-05-02 14:40:13,912:INFO:Cross validating with KFold(n_splits=10, random_state=None, shuffle=False), n_jobs=-1
2024-05-02 14:40:21,458:INFO:Calculating mean and std
2024-05-02 14:40:21,458:INFO:Creating metrics dataframe
2024-05-02 14:40:21,458:INFO:Uploading results into container
2024-05-02 14:40:21,458:INFO:Uploading model into container now
2024-05-02 14:40:21,458:INFO:_master_model_container: 16
2024-05-02 14:40:21,458:INFO:_display_container: 2
2024-05-02 14:40:21,458:INFO:GradientBoostingRegressor(random_state=123)
2024-05-02 14:40:21,463:INFO:create_model() successfully completed......................................
2024-05-02 14:40:21,533:INFO:SubProcess create_model() end ==================================
2024-05-02 14:40:21,533:INFO:Creating metrics dataframe
2024-05-02 14:40:21,542:INFO:Initializing Light Gradient Boosting Machine
2024-05-02 14:40:21,542:INFO:Total runtime is 1.18864137729009 minutes
2024-05-02 14:40:21,547:INFO:SubProcess create_model() called ==================================
2024-05-02 14:40:21,548:INFO:Initializing create_model()
2024-05-02 14:40:21,548:INFO:create_model(self=<pycaret.regression.oop.RegressionExperiment object at 0x000001C9ECE7B6D0>, estimator=lightgbm, fold=KFold(n_splits=10, random_state=None, shuffle=False), round=4, cross_validation=True, predict=True, fit_kwargs={}, groups=None, refit=False, probability_threshold=None, experiment_custom_tags=None, verbose=False, system=False, add_to_model_list=True, metrics=None, display=<pycaret.internal.display.display.CommonDisplay object at 0x000001C9ECF0F190>, model_only=True, return_train_score=False, error_score=0.0, kwargs={})
2024-05-02 14:40:21,548:INFO:Checking exceptions
2024-05-02 14:40:21,548:INFO:Importing libraries
2024-05-02 14:40:21,548:INFO:Copying training dataset
2024-05-02 14:40:21,582:INFO:Defining folds
2024-05-02 14:40:21,582:INFO:Declaring metric variables
2024-05-02 14:40:21,582:INFO:Importing untrained model
2024-05-02 14:40:21,589:INFO:Light Gradient Boosting Machine Imported successfully
2024-05-02 14:40:21,595:INFO:Starting cross validation
2024-05-02 14:40:21,596:INFO:Cross validating with KFold(n_splits=10, random_state=None, shuffle=False), n_jobs=-1
2024-05-02 14:40:23,766:INFO:Calculating mean and std
2024-05-02 14:40:23,766:INFO:Creating metrics dataframe
2024-05-02 14:40:23,766:INFO:Uploading results into container
2024-05-02 14:40:23,771:INFO:Uploading model into container now
2024-05-02 14:40:23,772:INFO:_master_model_container: 17
2024-05-02 14:40:23,772:INFO:_display_container: 2
2024-05-02 14:40:23,772:INFO:LGBMRegressor(n_jobs=-1, random_state=123)
2024-05-02 14:40:23,773:INFO:create_model() successfully completed......................................
2024-05-02 14:40:23,873:INFO:SubProcess create_model() end ==================================
2024-05-02 14:40:23,873:INFO:Creating metrics dataframe
2024-05-02 14:40:23,883:INFO:Initializing Dummy Regressor
2024-05-02 14:40:23,883:INFO:Total runtime is 1.2276476303736368 minutes
2024-05-02 14:40:23,883:INFO:SubProcess create_model() called ==================================
2024-05-02 14:40:23,883:INFO:Initializing create_model()
2024-05-02 14:40:23,883:INFO:create_model(self=<pycaret.regression.oop.RegressionExperiment object at 0x000001C9ECE7B6D0>, estimator=dummy, fold=KFold(n_splits=10, random_state=None, shuffle=False), round=4, cross_validation=True, predict=True, fit_kwargs={}, groups=None, refit=False, probability_threshold=None, experiment_custom_tags=None, verbose=False, system=False, add_to_model_list=True, metrics=None, display=<pycaret.internal.display.display.CommonDisplay object at 0x000001C9ECF0F190>, model_only=True, return_train_score=False, error_score=0.0, kwargs={})
2024-05-02 14:40:23,883:INFO:Checking exceptions
2024-05-02 14:40:23,883:INFO:Importing libraries
2024-05-02 14:40:23,883:INFO:Copying training dataset
2024-05-02 14:40:23,926:INFO:Defining folds
2024-05-02 14:40:23,926:INFO:Declaring metric variables
2024-05-02 14:40:23,926:INFO:Importing untrained model
2024-05-02 14:40:23,934:INFO:Dummy Regressor Imported successfully
2024-05-02 14:40:23,939:INFO:Starting cross validation
2024-05-02 14:40:23,940:INFO:Cross validating with KFold(n_splits=10, random_state=None, shuffle=False), n_jobs=-1
2024-05-02 14:40:24,220:INFO:Calculating mean and std
2024-05-02 14:40:24,220:INFO:Creating metrics dataframe
2024-05-02 14:40:24,220:INFO:Uploading results into container
2024-05-02 14:40:24,220:INFO:Uploading model into container now
2024-05-02 14:40:24,224:INFO:_master_model_container: 18
2024-05-02 14:40:24,224:INFO:_display_container: 2
2024-05-02 14:40:24,224:INFO:DummyRegressor()
2024-05-02 14:40:24,224:INFO:create_model() successfully completed......................................
2024-05-02 14:40:24,286:INFO:SubProcess create_model() end ==================================
2024-05-02 14:40:24,286:INFO:Creating metrics dataframe
2024-05-02 14:40:24,297:WARNING:c:\Users\Acer\anaconda3\envs\engine\Lib\site-packages\pycaret\internal\pycaret_experiment\supervised_experiment.py:339: FutureWarning: Styler.applymap has been deprecated. Use Styler.map instead.
  .applymap(highlight_cols, subset=["TT (Sec)"])

2024-05-02 14:40:24,300:INFO:Initializing create_model()
2024-05-02 14:40:24,300:INFO:create_model(self=<pycaret.regression.oop.RegressionExperiment object at 0x000001C9ECE7B6D0>, estimator=LGBMRegressor(n_jobs=-1, random_state=123), fold=KFold(n_splits=10, random_state=None, shuffle=False), round=4, cross_validation=False, predict=False, fit_kwargs={}, groups=None, refit=True, probability_threshold=None, experiment_custom_tags=None, verbose=False, system=False, add_to_model_list=True, metrics=None, display=None, model_only=True, return_train_score=False, error_score=0.0, kwargs={})
2024-05-02 14:40:24,300:INFO:Checking exceptions
2024-05-02 14:40:24,300:INFO:Importing libraries
2024-05-02 14:40:24,300:INFO:Copying training dataset
2024-05-02 14:40:24,336:INFO:Defining folds
2024-05-02 14:40:24,336:INFO:Declaring metric variables
2024-05-02 14:40:24,336:INFO:Importing untrained model
2024-05-02 14:40:24,336:INFO:Declaring custom model
2024-05-02 14:40:24,336:INFO:Light Gradient Boosting Machine Imported successfully
2024-05-02 14:40:24,343:INFO:Cross validation set to False
2024-05-02 14:40:24,343:INFO:Fitting Model
2024-05-02 14:40:24,407:INFO:[LightGBM] [Warning] Found whitespace in feature_names, replace with underlines
2024-05-02 14:40:24,407:INFO:[LightGBM] [Info] Auto-choosing row-wise multi-threading, the overhead of testing was 0.001511 seconds.
2024-05-02 14:40:24,407:INFO:You can set `force_row_wise=true` to remove the overhead.
2024-05-02 14:40:24,407:INFO:And if memory is not enough, you can set `force_col_wise=true`.
2024-05-02 14:40:24,407:INFO:[LightGBM] [Info] Total Bins 766
2024-05-02 14:40:24,407:INFO:[LightGBM] [Info] Number of data points in the train set: 52735, number of used features: 15
2024-05-02 14:40:24,407:INFO:[LightGBM] [Info] Start training from score 1.440732
2024-05-02 14:40:24,607:INFO:LGBMRegressor(n_jobs=-1, random_state=123)
2024-05-02 14:40:24,607:INFO:create_model() successfully completed......................................
2024-05-02 14:40:24,730:INFO:_master_model_container: 18
2024-05-02 14:40:24,730:INFO:_display_container: 2
2024-05-02 14:40:24,731:INFO:LGBMRegressor(n_jobs=-1, random_state=123)
2024-05-02 14:40:24,731:INFO:compare_models() successfully completed......................................
2024-05-02 14:40:28,477:INFO:Initializing evaluate_model()
2024-05-02 14:40:28,477:INFO:evaluate_model(self=<pycaret.regression.oop.RegressionExperiment object at 0x000001C9ECE7B6D0>, estimator=LGBMRegressor(n_jobs=-1, random_state=123), fold=None, fit_kwargs=None, plot_kwargs=None, feature_name=None, groups=None)
2024-05-02 14:40:28,498:INFO:Initializing plot_model()
2024-05-02 14:40:28,498:INFO:plot_model(self=<pycaret.regression.oop.RegressionExperiment object at 0x000001C9ECE7B6D0>, estimator=LGBMRegressor(n_jobs=-1, random_state=123), plot=pipeline, scale=1, save=False, fold=KFold(n_splits=10, random_state=None, shuffle=False), fit_kwargs={}, plot_kwargs=None, groups=None, feature_name=None, label=False, verbose=False, system=True, display=None, display_format=None)
2024-05-02 14:40:28,498:INFO:Checking exceptions
2024-05-02 14:40:28,508:INFO:Preloading libraries
2024-05-02 14:40:28,516:INFO:Copying training dataset
2024-05-02 14:40:28,516:INFO:Plot type: pipeline
2024-05-02 14:40:28,701:INFO:Visual Rendered Successfully
2024-05-02 14:40:28,762:INFO:plot_model() successfully completed......................................
2024-05-02 14:40:34,153:INFO:Initializing plot_model()
2024-05-02 14:40:34,153:INFO:plot_model(self=<pycaret.regression.oop.RegressionExperiment object at 0x000001C9ECE7B6D0>, estimator=LGBMRegressor(n_jobs=-1, random_state=123), plot=parameter, scale=1, save=False, fold=KFold(n_splits=10, random_state=None, shuffle=False), fit_kwargs={}, plot_kwargs=None, groups=None, feature_name=None, label=False, verbose=False, system=True, display=None, display_format=None)
2024-05-02 14:40:34,153:INFO:Checking exceptions
2024-05-02 14:40:34,167:INFO:Preloading libraries
2024-05-02 14:40:34,172:INFO:Copying training dataset
2024-05-02 14:40:34,172:INFO:Plot type: parameter
2024-05-02 14:40:34,176:INFO:Visual Rendered Successfully
2024-05-02 14:40:34,252:INFO:plot_model() successfully completed......................................
2024-05-02 14:40:36,996:INFO:Initializing plot_model()
2024-05-02 14:40:36,996:INFO:plot_model(self=<pycaret.regression.oop.RegressionExperiment object at 0x000001C9ECE7B6D0>, estimator=LGBMRegressor(n_jobs=-1, random_state=123), plot=feature, scale=1, save=False, fold=KFold(n_splits=10, random_state=None, shuffle=False), fit_kwargs={}, plot_kwargs=None, groups=None, feature_name=None, label=False, verbose=False, system=True, display=None, display_format=None)
2024-05-02 14:40:36,996:INFO:Checking exceptions
2024-05-02 14:40:37,009:INFO:Preloading libraries
2024-05-02 14:40:37,014:INFO:Copying training dataset
2024-05-02 14:40:37,014:INFO:Plot type: feature
2024-05-02 14:40:37,014:WARNING:No coef_ found. Trying feature_importances_
2024-05-02 14:40:37,203:INFO:Visual Rendered Successfully
2024-05-02 14:40:37,273:INFO:plot_model() successfully completed......................................
2024-05-02 14:40:48,051:INFO:Initializing plot_model()
2024-05-02 14:40:48,051:INFO:plot_model(self=<pycaret.regression.oop.RegressionExperiment object at 0x000001C9ECE7B6D0>, estimator=LGBMRegressor(n_jobs=-1, random_state=123), plot=learning, scale=1, save=False, fold=KFold(n_splits=10, random_state=None, shuffle=False), fit_kwargs={}, plot_kwargs=None, groups=None, feature_name=None, label=False, verbose=False, system=True, display=None, display_format=None)
2024-05-02 14:40:48,052:INFO:Checking exceptions
2024-05-02 14:40:48,064:INFO:Preloading libraries
2024-05-02 14:40:48,069:INFO:Copying training dataset
2024-05-02 14:40:48,069:INFO:Plot type: learning
2024-05-02 14:40:48,263:INFO:Fitting Model
2024-05-02 14:41:07,871:INFO:Visual Rendered Successfully
2024-05-02 14:41:08,019:INFO:plot_model() successfully completed......................................
2024-05-02 14:41:08,031:INFO:Initializing predict_model()
2024-05-02 14:41:08,031:INFO:predict_model(self=<pycaret.regression.oop.RegressionExperiment object at 0x000001C9ECE7B6D0>, estimator=LGBMRegressor(n_jobs=-1, random_state=123), probability_threshold=None, encoded_labels=False, raw_score=False, round=4, verbose=True, ml_usecase=None, preprocess=True, encode_labels=<function _SupervisedExperiment.predict_model.<locals>.encode_labels at 0x000001C9ED2482C0>)
2024-05-02 14:41:08,031:INFO:Checking exceptions
2024-05-02 14:41:08,031:INFO:Preloading libraries
2024-05-02 14:41:08,199:WARNING:c:\Users\Acer\anaconda3\envs\engine\Lib\site-packages\sklearn\metrics\_regression.py:483: FutureWarning: 'squared' is deprecated in version 1.4 and will be removed in 1.6. To calculate the root mean squared error, use the function'root_mean_squared_error'.
  warnings.warn(

